<?xml version="1.0" encoding="UTF-8"?>
<testng-results skipped="0" failed="0" total="2" passed="2">
  <reporter-output>
  </reporter-output>
  <suite name="Suite One" duration-ms="51" started-at="2016-01-16T01:12:17Z" finished-at="2016-01-16T01:12:17Z">
    <groups>
      <group name="unit">
        <method signature="Test1.test1()[pri:0, instance:pack1.Test1@d3bd8b]" name="test1" class="pack1.Test1"/>
      </group> <!-- unit -->
    </groups>
    <test name="Test One" duration-ms="51" started-at="2016-01-16T01:12:17Z" finished-at="2016-01-16T01:12:17Z">
      <class name="pack1.Test1">
        <test-method status="PASS" signature="test1()[pri:0, instance:pack1.Test1@d3bd8b]" name="test1" duration-ms="20" started-at="2016-01-16T06:42:17Z" finished-at="2016-01-16T06:42:17Z">
          <reporter-output>
          </reporter-output>
        </test-method> <!-- test1 -->
        <test-method status="PASS" signature="test2()[pri:0, instance:pack1.Test1@d3bd8b]" name="test2" duration-ms="1" started-at="2016-01-16T06:42:17Z" finished-at="2016-01-16T06:42:17Z">
          <reporter-output>
          </reporter-output>
        </test-method> <!-- test2 -->
      </class> <!-- pack1.Test1 -->
    </test> <!-- Test One -->
  </suite> <!-- Suite One -->
</testng-results>
